26-May-2019 14:28:41.346 信息 [main] org.apache.catalina.startup.VersionLoggerListener.log Server.服务器版本:        Apache Tomcat/9.0.20
26-May-2019 14:28:41.359 信息 [main] org.apache.catalina.startup.VersionLoggerListener.log Server.构建:          May 3 2019 22:26:00 UTC
26-May-2019 14:28:41.359 信息 [main] org.apache.catalina.startup.VersionLoggerListener.log Server version number: 9.0.20.0
26-May-2019 14:28:41.359 信息 [main] org.apache.catalina.startup.VersionLoggerListener.log OS Name:               Windows 10
26-May-2019 14:28:41.359 信息 [main] org.apache.catalina.startup.VersionLoggerListener.log OS.版本:            10.0
26-May-2019 14:28:41.360 信息 [main] org.apache.catalina.startup.VersionLoggerListener.log 结.造:          amd64
26-May-2019 14:28:41.360 信息 [main] org.apache.catalina.startup.VersionLoggerListener.log Java 环境变量:             C:\Program Files\Java\jdk1.8.0_131\jre
26-May-2019 14:28:41.367 信息 [main] org.apache.catalina.startup.VersionLoggerListener.log JVM 版本:           1.8.0_131-b11
26-May-2019 14:28:41.367 信息 [main] org.apache.catalina.startup.VersionLoggerListener.log JVM.供应商:            Oracle Corporation
26-May-2019 14:28:41.367 信息 [main] org.apache.catalina.startup.VersionLoggerListener.log CATALINA_BASE:         F:\Program\Java\JavaWeb\apache-tomcat-9.0.20
26-May-2019 14:28:41.367 信息 [main] org.apache.catalina.startup.VersionLoggerListener.log CATALINA_HOME:         F:\Program\Java\JavaWeb\apache-tomcat-9.0.20
26-May-2019 14:28:41.368 信息 [main] org.apache.catalina.startup.VersionLoggerListener.log Command line argument: -Djava.util.logging.config.file=F:\Program\Java\JavaWeb\apache-tomcat-9.0.20\conf\logging.properties
26-May-2019 14:28:41.380 信息 [main] org.apache.catalina.startup.VersionLoggerListener.log Command line argument: -Djava.util.logging.manager=org.apache.juli.ClassLoaderLogManager
26-May-2019 14:28:41.380 信息 [main] org.apache.catalina.startup.VersionLoggerListener.log Command line argument: -Djdk.tls.ephemeralDHKeySize=2048
26-May-2019 14:28:41.384 信息 [main] org.apache.catalina.startup.VersionLoggerListener.log Command line argument: -Djava.protocol.handler.pkgs=org.apache.catalina.webresources
26-May-2019 14:28:41.385 信息 [main] org.apache.catalina.startup.VersionLoggerListener.log Command line argument: -Dignore.endorsed.dirs=
26-May-2019 14:28:41.387 信息 [main] org.apache.catalina.startup.VersionLoggerListener.log Command line argument: -Dcatalina.base=F:\Program\Java\JavaWeb\apache-tomcat-9.0.20
26-May-2019 14:28:41.388 信息 [main] org.apache.catalina.startup.VersionLoggerListener.log Command line argument: -Dcatalina.home=F:\Program\Java\JavaWeb\apache-tomcat-9.0.20
26-May-2019 14:28:41.388 信息 [main] org.apache.catalina.startup.VersionLoggerListener.log Command line argument: -Djava.io.tmpdir=F:\Program\Java\JavaWeb\apache-tomcat-9.0.20\temp
26-May-2019 14:28:41.389 信息 [main] org.apache.catalina.core.AprLifecycleListener.lifecycleEvent Loaded APR based Apache Tomcat Native library [1.2.21] using APR version [1.6.5].
26-May-2019 14:28:41.394 信息 [main] org.apache.catalina.core.AprLifecycleListener.lifecycleEvent APR capabilities: IPv6 [true], sendfile [true], accept filters [false], random [true].
26-May-2019 14:28:41.395 信息 [main] org.apache.catalina.core.AprLifecycleListener.lifecycleEvent APR/OpenSSL configuration: useAprConnector [false], useOpenSSL [true]
26-May-2019 14:28:41.402 信息 [main] org.apache.catalina.core.AprLifecycleListener.initializeSSL OpenSSL successfully initialized [OpenSSL 1.1.1a  20 Nov 2018]
26-May-2019 14:28:41.715 信息 [main] org.apache.coyote.AbstractProtocol.init 初始化协议处理器 ["http-nio-8080"]
26-May-2019 14:28:42.094 严重 [main] org.apache.catalina.util.LifecycleBase.handleSubClassException 初始化组件[Connector[HTTP/1.1-8080]]失败。
	org.apache.catalina.LifecycleException: Protocol handler initialization failed
		at org.apache.catalina.connector.Connector.initInternal(Connector.java:983)
		at org.apache.catalina.util.LifecycleBase.init(LifecycleBase.java:136)
		at org.apache.catalina.core.StandardService.initInternal(StandardService.java:533)
		at org.apache.catalina.util.LifecycleBase.init(LifecycleBase.java:136)
		at org.apache.catalina.core.StandardServer.initInternal(StandardServer.java:1059)
		at org.apache.catalina.util.LifecycleBase.init(LifecycleBase.java:136)
		at org.apache.catalina.startup.Catalina.load(Catalina.java:584)
		at org.apache.catalina.startup.Catalina.load(Catalina.java:607)
		at sun.reflect.NativeMethodAccessorImpl.invoke0(Native Method)
		at sun.reflect.NativeMethodAccessorImpl.invoke(NativeMethodAccessorImpl.java:62)
		at sun.reflect.DelegatingMethodAccessorImpl.invoke(DelegatingMethodAccessorImpl.java:43)
		at java.lang.reflect.Method.invoke(Method.java:498)
		at org.apache.catalina.startup.Bootstrap.load(Bootstrap.java:304)
		at org.apache.catalina.startup.Bootstrap.main(Bootstrap.java:474)
	Caused by: java.net.BindException: Address already in use: bind
		at sun.nio.ch.Net.bind0(Native Method)
		at sun.nio.ch.Net.bind(Net.java:433)
		at sun.nio.ch.Net.bind(Net.java:425)
		at sun.nio.ch.ServerSocketChannelImpl.bind(ServerSocketChannelImpl.java:223)
		at sun.nio.ch.ServerSocketAdaptor.bind(ServerSocketAdaptor.java:74)
		at org.apache.tomcat.util.net.NioEndpoint.initServerSocket(NioEndpoint.java:248)
		at org.apache.tomcat.util.net.NioEndpoint.bind(NioEndpoint.java:222)
		at org.apache.tomcat.util.net.AbstractEndpoint.bindWithCleanup(AbstractEndpoint.java:1119)
		at org.apache.tomcat.util.net.AbstractEndpoint.init(AbstractEndpoint.java:1132)
		at org.apache.coyote.AbstractProtocol.init(AbstractProtocol.java:557)
		at org.apache.coyote.http11.AbstractHttp11Protocol.init(AbstractHttp11Protocol.java:74)
		at org.apache.catalina.connector.Connector.initInternal(Connector.java:980)
		... 13 more
26-May-2019 14:28:42.100 信息 [main] org.apache.coyote.AbstractProtocol.init 初始化协议处理器 ["ajp-nio-8009"]
26-May-2019 14:28:42.126 信息 [main] org.apache.catalina.startup.Catalina.load 服务器在[1,009]毫秒内初始化
26-May-2019 14:28:42.161 信息 [main] org.apache.catalina.core.StandardService.startInternal Starting service [Catalina]
26-May-2019 14:28:42.161 信息 [main] org.apache.catalina.core.StandardEngine.startInternal Starting Servlet engine: [Apache Tomcat/9.0.20]
26-May-2019 14:28:42.185 信息 [main] org.apache.catalina.startup.HostConfig.deployDirectory 把web 应用程序部署到目录 [F:\Program\Java\JavaWeb\apache-tomcat-9.0.20\webapps\docs]
26-May-2019 14:28:42.439 信息 [main] org.apache.catalina.startup.HostConfig.deployDirectory Deployment of web application directory [F:\Program\Java\JavaWeb\apache-tomcat-9.0.20\webapps\docs] has finished in [255] ms
26-May-2019 14:28:42.440 信息 [main] org.apache.catalina.startup.HostConfig.deployDirectory 把web 应用程序部署到目录 [F:\Program\Java\JavaWeb\apache-tomcat-9.0.20\webapps\examples]
26-May-2019 14:28:43.068 信息 [main] org.apache.catalina.startup.HostConfig.deployDirectory Deployment of web application directory [F:\Program\Java\JavaWeb\apache-tomcat-9.0.20\webapps\examples] has finished in [628] ms
26-May-2019 14:28:43.069 信息 [main] org.apache.catalina.startup.HostConfig.deployDirectory 把web 应用程序部署到目录 [F:\Program\Java\JavaWeb\apache-tomcat-9.0.20\webapps\host-manager]
26-May-2019 14:28:43.142 信息 [main] org.apache.catalina.startup.HostConfig.deployDirectory Deployment of web application directory [F:\Program\Java\JavaWeb\apache-tomcat-9.0.20\webapps\host-manager] has finished in [72] ms
26-May-2019 14:28:43.142 信息 [main] org.apache.catalina.startup.HostConfig.deployDirectory 把web 应用程序部署到目录 [F:\Program\Java\JavaWeb\apache-tomcat-9.0.20\webapps\manager]
26-May-2019 14:28:43.198 信息 [main] org.apache.catalina.startup.HostConfig.deployDirectory Deployment of web application directory [F:\Program\Java\JavaWeb\apache-tomcat-9.0.20\webapps\manager] has finished in [55] ms
26-May-2019 14:28:43.198 信息 [main] org.apache.catalina.startup.HostConfig.deployDirectory 把web 应用程序部署到目录 [F:\Program\Java\JavaWeb\apache-tomcat-9.0.20\webapps\ROOT]
26-May-2019 14:28:43.242 信息 [main] org.apache.catalina.startup.HostConfig.deployDirectory Deployment of web application directory [F:\Program\Java\JavaWeb\apache-tomcat-9.0.20\webapps\ROOT] has finished in [44] ms
26-May-2019 14:28:43.247 信息 [main] org.apache.coyote.AbstractProtocol.start 开始协议处理句柄["ajp-nio-8009"]
26-May-2019 14:28:43.263 信息 [main] org.apache.catalina.startup.Catalina.start Server startup in [1,135] milliseconds
26-May-2019 14:29:23.892 信息 [main] org.apache.catalina.startup.VersionLoggerListener.log Server.服务器版本:        Apache Tomcat/9.0.20
26-May-2019 14:29:23.896 信息 [main] org.apache.catalina.startup.VersionLoggerListener.log Server.构建:          May 3 2019 22:26:00 UTC
26-May-2019 14:29:23.896 信息 [main] org.apache.catalina.startup.VersionLoggerListener.log Server version number: 9.0.20.0
26-May-2019 14:29:23.896 信息 [main] org.apache.catalina.startup.VersionLoggerListener.log OS Name:               Windows 10
26-May-2019 14:29:23.896 信息 [main] org.apache.catalina.startup.VersionLoggerListener.log OS.版本:            10.0
26-May-2019 14:29:23.897 信息 [main] org.apache.catalina.startup.VersionLoggerListener.log 结.造:          amd64
26-May-2019 14:29:23.897 信息 [main] org.apache.catalina.startup.VersionLoggerListener.log Java 环境变量:             C:\Program Files\Java\jdk1.8.0_131\jre
26-May-2019 14:29:23.897 信息 [main] org.apache.catalina.startup.VersionLoggerListener.log JVM 版本:           1.8.0_131-b11
26-May-2019 14:29:23.898 信息 [main] org.apache.catalina.startup.VersionLoggerListener.log JVM.供应商:            Oracle Corporation
26-May-2019 14:29:23.898 信息 [main] org.apache.catalina.startup.VersionLoggerListener.log CATALINA_BASE:         F:\Program\Java\JavaWeb\apache-tomcat-9.0.20
26-May-2019 14:29:23.898 信息 [main] org.apache.catalina.startup.VersionLoggerListener.log CATALINA_HOME:         F:\Program\Java\JavaWeb\apache-tomcat-9.0.20
26-May-2019 14:29:23.899 信息 [main] org.apache.catalina.startup.VersionLoggerListener.log Command line argument: -Djava.util.logging.config.file=F:\Program\Java\JavaWeb\apache-tomcat-9.0.20\conf\logging.properties
26-May-2019 14:29:23.899 信息 [main] org.apache.catalina.startup.VersionLoggerListener.log Command line argument: -Djava.util.logging.manager=org.apache.juli.ClassLoaderLogManager
26-May-2019 14:29:23.899 信息 [main] org.apache.catalina.startup.VersionLoggerListener.log Command line argument: -Djdk.tls.ephemeralDHKeySize=2048
26-May-2019 14:29:23.899 信息 [main] org.apache.catalina.startup.VersionLoggerListener.log Command line argument: -Djava.protocol.handler.pkgs=org.apache.catalina.webresources
26-May-2019 14:29:23.900 信息 [main] org.apache.catalina.startup.VersionLoggerListener.log Command line argument: -Dignore.endorsed.dirs=
26-May-2019 14:29:23.902 信息 [main] org.apache.catalina.startup.VersionLoggerListener.log Command line argument: -Dcatalina.base=F:\Program\Java\JavaWeb\apache-tomcat-9.0.20
26-May-2019 14:29:23.904 信息 [main] org.apache.catalina.startup.VersionLoggerListener.log Command line argument: -Dcatalina.home=F:\Program\Java\JavaWeb\apache-tomcat-9.0.20
26-May-2019 14:29:23.904 信息 [main] org.apache.catalina.startup.VersionLoggerListener.log Command line argument: -Djava.io.tmpdir=F:\Program\Java\JavaWeb\apache-tomcat-9.0.20\temp
26-May-2019 14:29:23.905 信息 [main] org.apache.catalina.core.AprLifecycleListener.lifecycleEvent Loaded APR based Apache Tomcat Native library [1.2.21] using APR version [1.6.5].
26-May-2019 14:29:23.912 信息 [main] org.apache.catalina.core.AprLifecycleListener.lifecycleEvent APR capabilities: IPv6 [true], sendfile [true], accept filters [false], random [true].
26-May-2019 14:29:23.913 信息 [main] org.apache.catalina.core.AprLifecycleListener.lifecycleEvent APR/OpenSSL configuration: useAprConnector [false], useOpenSSL [true]
26-May-2019 14:29:23.922 信息 [main] org.apache.catalina.core.AprLifecycleListener.initializeSSL OpenSSL successfully initialized [OpenSSL 1.1.1a  20 Nov 2018]
26-May-2019 14:29:24.202 信息 [main] org.apache.coyote.AbstractProtocol.init 初始化协议处理器 ["http-nio-8080"]
26-May-2019 14:29:24.522 严重 [main] org.apache.catalina.util.LifecycleBase.handleSubClassException 初始化组件[Connector[HTTP/1.1-8080]]失败。
	org.apache.catalina.LifecycleException: Protocol handler initialization failed
		at org.apache.catalina.connector.Connector.initInternal(Connector.java:983)
		at org.apache.catalina.util.LifecycleBase.init(LifecycleBase.java:136)
		at org.apache.catalina.core.StandardService.initInternal(StandardService.java:533)
		at org.apache.catalina.util.LifecycleBase.init(LifecycleBase.java:136)
		at org.apache.catalina.core.StandardServer.initInternal(StandardServer.java:1059)
		at org.apache.catalina.util.LifecycleBase.init(LifecycleBase.java:136)
		at org.apache.catalina.startup.Catalina.load(Catalina.java:584)
		at org.apache.catalina.startup.Catalina.load(Catalina.java:607)
		at sun.reflect.NativeMethodAccessorImpl.invoke0(Native Method)
		at sun.reflect.NativeMethodAccessorImpl.invoke(NativeMethodAccessorImpl.java:62)
		at sun.reflect.DelegatingMethodAccessorImpl.invoke(DelegatingMethodAccessorImpl.java:43)
		at java.lang.reflect.Method.invoke(Method.java:498)
		at org.apache.catalina.startup.Bootstrap.load(Bootstrap.java:304)
		at org.apache.catalina.startup.Bootstrap.main(Bootstrap.java:474)
	Caused by: java.net.BindException: Address already in use: bind
		at sun.nio.ch.Net.bind0(Native Method)
		at sun.nio.ch.Net.bind(Net.java:433)
		at sun.nio.ch.Net.bind(Net.java:425)
		at sun.nio.ch.ServerSocketChannelImpl.bind(ServerSocketChannelImpl.java:223)
		at sun.nio.ch.ServerSocketAdaptor.bind(ServerSocketAdaptor.java:74)
		at org.apache.tomcat.util.net.NioEndpoint.initServerSocket(NioEndpoint.java:248)
		at org.apache.tomcat.util.net.NioEndpoint.bind(NioEndpoint.java:222)
		at org.apache.tomcat.util.net.AbstractEndpoint.bindWithCleanup(AbstractEndpoint.java:1119)
		at org.apache.tomcat.util.net.AbstractEndpoint.init(AbstractEndpoint.java:1132)
		at org.apache.coyote.AbstractProtocol.init(AbstractProtocol.java:557)
		at org.apache.coyote.http11.AbstractHttp11Protocol.init(AbstractHttp11Protocol.java:74)
		at org.apache.catalina.connector.Connector.initInternal(Connector.java:980)
		... 13 more
26-May-2019 14:29:24.528 信息 [main] org.apache.coyote.AbstractProtocol.init 初始化协议处理器 ["ajp-nio-8009"]
26-May-2019 14:29:24.552 信息 [main] org.apache.catalina.startup.Catalina.load 服务器在[867]毫秒内初始化
26-May-2019 14:29:24.583 信息 [main] org.apache.catalina.core.StandardService.startInternal Starting service [Catalina]
26-May-2019 14:29:24.583 信息 [main] org.apache.catalina.core.StandardEngine.startInternal Starting Servlet engine: [Apache Tomcat/9.0.20]
26-May-2019 14:29:24.595 信息 [main] org.apache.catalina.startup.HostConfig.deployDirectory 把web 应用程序部署到目录 [F:\Program\Java\JavaWeb\apache-tomcat-9.0.20\webapps\docs]
26-May-2019 14:29:24.833 信息 [main] org.apache.catalina.startup.HostConfig.deployDirectory Deployment of web application directory [F:\Program\Java\JavaWeb\apache-tomcat-9.0.20\webapps\docs] has finished in [238] ms
26-May-2019 14:29:24.834 信息 [main] org.apache.catalina.startup.HostConfig.deployDirectory 把web 应用程序部署到目录 [F:\Program\Java\JavaWeb\apache-tomcat-9.0.20\webapps\examples]
26-May-2019 14:29:25.425 信息 [main] org.apache.catalina.startup.HostConfig.deployDirectory Deployment of web application directory [F:\Program\Java\JavaWeb\apache-tomcat-9.0.20\webapps\examples] has finished in [591] ms
26-May-2019 14:29:25.426 信息 [main] org.apache.catalina.startup.HostConfig.deployDirectory 把web 应用程序部署到目录 [F:\Program\Java\JavaWeb\apache-tomcat-9.0.20\webapps\host-manager]
26-May-2019 14:29:25.477 信息 [main] org.apache.catalina.startup.HostConfig.deployDirectory Deployment of web application directory [F:\Program\Java\JavaWeb\apache-tomcat-9.0.20\webapps\host-manager] has finished in [51] ms
26-May-2019 14:29:25.478 信息 [main] org.apache.catalina.startup.HostConfig.deployDirectory 把web 应用程序部署到目录 [F:\Program\Java\JavaWeb\apache-tomcat-9.0.20\webapps\manager]
26-May-2019 14:29:25.525 信息 [main] org.apache.catalina.startup.HostConfig.deployDirectory Deployment of web application directory [F:\Program\Java\JavaWeb\apache-tomcat-9.0.20\webapps\manager] has finished in [46] ms
26-May-2019 14:29:25.525 信息 [main] org.apache.catalina.startup.HostConfig.deployDirectory 把web 应用程序部署到目录 [F:\Program\Java\JavaWeb\apache-tomcat-9.0.20\webapps\ROOT]
26-May-2019 14:29:25.574 信息 [main] org.apache.catalina.startup.HostConfig.deployDirectory Deployment of web application directory [F:\Program\Java\JavaWeb\apache-tomcat-9.0.20\webapps\ROOT] has finished in [49] ms
26-May-2019 14:29:25.580 信息 [main] org.apache.coyote.AbstractProtocol.start 开始协议处理句柄["ajp-nio-8009"]
26-May-2019 14:29:25.590 信息 [main] org.apache.catalina.startup.Catalina.start Server startup in [1,036] milliseconds
