05-Jun-2019 18:36:30.098 信息 [main] org.apache.catalina.startup.VersionLoggerListener.log Server.服务器版本:        Apache Tomcat/9.0.20
05-Jun-2019 18:36:30.112 信息 [main] org.apache.catalina.startup.VersionLoggerListener.log Server.构建:          May 3 2019 22:26:00 UTC
05-Jun-2019 18:36:30.113 信息 [main] org.apache.catalina.startup.VersionLoggerListener.log Server version number: 9.0.20.0
05-Jun-2019 18:36:30.113 信息 [main] org.apache.catalina.startup.VersionLoggerListener.log OS Name:               Windows 10
05-Jun-2019 18:36:30.113 信息 [main] org.apache.catalina.startup.VersionLoggerListener.log OS.版本:            10.0
05-Jun-2019 18:36:30.113 信息 [main] org.apache.catalina.startup.VersionLoggerListener.log 结.造:          amd64
05-Jun-2019 18:36:30.113 信息 [main] org.apache.catalina.startup.VersionLoggerListener.log Java 环境变量:             C:\Program Files\Java\jdk1.8.0_131\jre
05-Jun-2019 18:36:30.116 信息 [main] org.apache.catalina.startup.VersionLoggerListener.log JVM 版本:           1.8.0_131-b11
05-Jun-2019 18:36:30.117 信息 [main] org.apache.catalina.startup.VersionLoggerListener.log JVM.供应商:            Oracle Corporation
05-Jun-2019 18:36:30.117 信息 [main] org.apache.catalina.startup.VersionLoggerListener.log CATALINA_BASE:         F:\Program\Java\JavaWeb\apache-tomcat-9.0.20
05-Jun-2019 18:36:30.117 信息 [main] org.apache.catalina.startup.VersionLoggerListener.log CATALINA_HOME:         F:\Program\Java\JavaWeb\apache-tomcat-9.0.20
05-Jun-2019 18:36:30.119 信息 [main] org.apache.catalina.startup.VersionLoggerListener.log Command line argument: -Djava.util.logging.config.file=F:\Program\Java\JavaWeb\apache-tomcat-9.0.20\conf\logging.properties
05-Jun-2019 18:36:30.119 信息 [main] org.apache.catalina.startup.VersionLoggerListener.log Command line argument: -Djava.util.logging.manager=org.apache.juli.ClassLoaderLogManager
05-Jun-2019 18:36:30.119 信息 [main] org.apache.catalina.startup.VersionLoggerListener.log Command line argument: -Djdk.tls.ephemeralDHKeySize=2048
05-Jun-2019 18:36:30.124 信息 [main] org.apache.catalina.startup.VersionLoggerListener.log Command line argument: -Djava.protocol.handler.pkgs=org.apache.catalina.webresources
05-Jun-2019 18:36:30.136 信息 [main] org.apache.catalina.startup.VersionLoggerListener.log Command line argument: -Dignore.endorsed.dirs=
05-Jun-2019 18:36:30.138 信息 [main] org.apache.catalina.startup.VersionLoggerListener.log Command line argument: -Dcatalina.base=F:\Program\Java\JavaWeb\apache-tomcat-9.0.20
05-Jun-2019 18:36:30.141 信息 [main] org.apache.catalina.startup.VersionLoggerListener.log Command line argument: -Dcatalina.home=F:\Program\Java\JavaWeb\apache-tomcat-9.0.20
05-Jun-2019 18:36:30.141 信息 [main] org.apache.catalina.startup.VersionLoggerListener.log Command line argument: -Djava.io.tmpdir=F:\Program\Java\JavaWeb\apache-tomcat-9.0.20\temp
05-Jun-2019 18:36:30.142 信息 [main] org.apache.catalina.core.AprLifecycleListener.lifecycleEvent Loaded APR based Apache Tomcat Native library [1.2.21] using APR version [1.6.5].
05-Jun-2019 18:36:30.143 信息 [main] org.apache.catalina.core.AprLifecycleListener.lifecycleEvent APR capabilities: IPv6 [true], sendfile [true], accept filters [false], random [true].
05-Jun-2019 18:36:30.143 信息 [main] org.apache.catalina.core.AprLifecycleListener.lifecycleEvent APR/OpenSSL configuration: useAprConnector [false], useOpenSSL [true]
05-Jun-2019 18:36:30.185 信息 [main] org.apache.catalina.core.AprLifecycleListener.initializeSSL OpenSSL successfully initialized [OpenSSL 1.1.1a  20 Nov 2018]
05-Jun-2019 18:36:30.653 信息 [main] org.apache.coyote.AbstractProtocol.init 初始化协议处理器 ["http-nio-8080"]
05-Jun-2019 18:36:31.029 严重 [main] org.apache.catalina.util.LifecycleBase.handleSubClassException 初始化组件[Connector[HTTP/1.1-8080]]失败。
	org.apache.catalina.LifecycleException: Protocol handler initialization failed
		at org.apache.catalina.connector.Connector.initInternal(Connector.java:983)
		at org.apache.catalina.util.LifecycleBase.init(LifecycleBase.java:136)
		at org.apache.catalina.core.StandardService.initInternal(StandardService.java:533)
		at org.apache.catalina.util.LifecycleBase.init(LifecycleBase.java:136)
		at org.apache.catalina.core.StandardServer.initInternal(StandardServer.java:1059)
		at org.apache.catalina.util.LifecycleBase.init(LifecycleBase.java:136)
		at org.apache.catalina.startup.Catalina.load(Catalina.java:584)
		at org.apache.catalina.startup.Catalina.load(Catalina.java:607)
		at sun.reflect.NativeMethodAccessorImpl.invoke0(Native Method)
		at sun.reflect.NativeMethodAccessorImpl.invoke(NativeMethodAccessorImpl.java:62)
		at sun.reflect.DelegatingMethodAccessorImpl.invoke(DelegatingMethodAccessorImpl.java:43)
		at java.lang.reflect.Method.invoke(Method.java:498)
		at org.apache.catalina.startup.Bootstrap.load(Bootstrap.java:304)
		at org.apache.catalina.startup.Bootstrap.main(Bootstrap.java:474)
	Caused by: java.net.BindException: Address already in use: bind
		at sun.nio.ch.Net.bind0(Native Method)
		at sun.nio.ch.Net.bind(Net.java:433)
		at sun.nio.ch.Net.bind(Net.java:425)
		at sun.nio.ch.ServerSocketChannelImpl.bind(ServerSocketChannelImpl.java:223)
		at sun.nio.ch.ServerSocketAdaptor.bind(ServerSocketAdaptor.java:74)
		at org.apache.tomcat.util.net.NioEndpoint.initServerSocket(NioEndpoint.java:248)
		at org.apache.tomcat.util.net.NioEndpoint.bind(NioEndpoint.java:222)
		at org.apache.tomcat.util.net.AbstractEndpoint.bindWithCleanup(AbstractEndpoint.java:1119)
		at org.apache.tomcat.util.net.AbstractEndpoint.init(AbstractEndpoint.java:1132)
		at org.apache.coyote.AbstractProtocol.init(AbstractProtocol.java:557)
		at org.apache.coyote.http11.AbstractHttp11Protocol.init(AbstractHttp11Protocol.java:74)
		at org.apache.catalina.connector.Connector.initInternal(Connector.java:980)
		... 13 more
05-Jun-2019 18:36:31.035 信息 [main] org.apache.coyote.AbstractProtocol.init 初始化协议处理器 ["ajp-nio-8009"]
05-Jun-2019 18:36:31.066 信息 [main] org.apache.catalina.startup.Catalina.load 服务器在[1,284]毫秒内初始化
05-Jun-2019 18:36:31.110 信息 [main] org.apache.catalina.core.StandardService.startInternal Starting service [Catalina]
05-Jun-2019 18:36:31.111 信息 [main] org.apache.catalina.core.StandardEngine.startInternal Starting Servlet engine: [Apache Tomcat/9.0.20]
05-Jun-2019 18:36:31.125 信息 [main] org.apache.catalina.startup.HostConfig.deployDirectory 把web 应用程序部署到目录 [F:\Program\Java\JavaWeb\apache-tomcat-9.0.20\webapps\docs]
05-Jun-2019 18:36:31.486 信息 [main] org.apache.catalina.startup.HostConfig.deployDirectory Deployment of web application directory [F:\Program\Java\JavaWeb\apache-tomcat-9.0.20\webapps\docs] has finished in [361] ms
05-Jun-2019 18:36:31.487 信息 [main] org.apache.catalina.startup.HostConfig.deployDirectory 把web 应用程序部署到目录 [F:\Program\Java\JavaWeb\apache-tomcat-9.0.20\webapps\examples]
05-Jun-2019 18:36:32.334 信息 [main] org.apache.catalina.startup.HostConfig.deployDirectory Deployment of web application directory [F:\Program\Java\JavaWeb\apache-tomcat-9.0.20\webapps\examples] has finished in [847] ms
05-Jun-2019 18:36:32.335 信息 [main] org.apache.catalina.startup.HostConfig.deployDirectory 把web 应用程序部署到目录 [F:\Program\Java\JavaWeb\apache-tomcat-9.0.20\webapps\host-manager]
05-Jun-2019 18:36:32.395 信息 [main] org.apache.catalina.startup.HostConfig.deployDirectory Deployment of web application directory [F:\Program\Java\JavaWeb\apache-tomcat-9.0.20\webapps\host-manager] has finished in [61] ms
05-Jun-2019 18:36:32.396 信息 [main] org.apache.catalina.startup.HostConfig.deployDirectory 把web 应用程序部署到目录 [F:\Program\Java\JavaWeb\apache-tomcat-9.0.20\webapps\manager]
05-Jun-2019 18:36:32.456 信息 [main] org.apache.catalina.startup.HostConfig.deployDirectory Deployment of web application directory [F:\Program\Java\JavaWeb\apache-tomcat-9.0.20\webapps\manager] has finished in [59] ms
05-Jun-2019 18:36:32.456 信息 [main] org.apache.catalina.startup.HostConfig.deployDirectory 把web 应用程序部署到目录 [F:\Program\Java\JavaWeb\apache-tomcat-9.0.20\webapps\ROOT]
05-Jun-2019 18:36:32.532 信息 [main] org.apache.catalina.startup.HostConfig.deployDirectory Deployment of web application directory [F:\Program\Java\JavaWeb\apache-tomcat-9.0.20\webapps\ROOT] has finished in [76] ms
05-Jun-2019 18:36:32.538 信息 [main] org.apache.coyote.AbstractProtocol.start 开始协议处理句柄["ajp-nio-8009"]
05-Jun-2019 18:36:32.579 信息 [main] org.apache.catalina.startup.Catalina.start Server startup in [1,511] milliseconds
05-Jun-2019 18:37:35.699 信息 [main] org.apache.catalina.startup.VersionLoggerListener.log Server.服务器版本:        Apache Tomcat/9.0.20
05-Jun-2019 18:37:35.704 信息 [main] org.apache.catalina.startup.VersionLoggerListener.log Server.构建:          May 3 2019 22:26:00 UTC
05-Jun-2019 18:37:35.704 信息 [main] org.apache.catalina.startup.VersionLoggerListener.log Server version number: 9.0.20.0
05-Jun-2019 18:37:35.704 信息 [main] org.apache.catalina.startup.VersionLoggerListener.log OS Name:               Windows 10
05-Jun-2019 18:37:35.704 信息 [main] org.apache.catalina.startup.VersionLoggerListener.log OS.版本:            10.0
05-Jun-2019 18:37:35.704 信息 [main] org.apache.catalina.startup.VersionLoggerListener.log 结.造:          amd64
05-Jun-2019 18:37:35.705 信息 [main] org.apache.catalina.startup.VersionLoggerListener.log Java 环境变量:             C:\Program Files\Java\jdk1.8.0_131\jre
05-Jun-2019 18:37:35.705 信息 [main] org.apache.catalina.startup.VersionLoggerListener.log JVM 版本:           1.8.0_131-b11
05-Jun-2019 18:37:35.705 信息 [main] org.apache.catalina.startup.VersionLoggerListener.log JVM.供应商:            Oracle Corporation
05-Jun-2019 18:37:35.705 信息 [main] org.apache.catalina.startup.VersionLoggerListener.log CATALINA_BASE:         F:\Program\Java\JavaWeb\apache-tomcat-9.0.20
05-Jun-2019 18:37:35.705 信息 [main] org.apache.catalina.startup.VersionLoggerListener.log CATALINA_HOME:         F:\Program\Java\JavaWeb\apache-tomcat-9.0.20
05-Jun-2019 18:37:35.706 信息 [main] org.apache.catalina.startup.VersionLoggerListener.log Command line argument: -Djava.util.logging.config.file=F:\Program\Java\JavaWeb\apache-tomcat-9.0.20\conf\logging.properties
05-Jun-2019 18:37:35.706 信息 [main] org.apache.catalina.startup.VersionLoggerListener.log Command line argument: -Djava.util.logging.manager=org.apache.juli.ClassLoaderLogManager
05-Jun-2019 18:37:35.706 信息 [main] org.apache.catalina.startup.VersionLoggerListener.log Command line argument: -Djdk.tls.ephemeralDHKeySize=2048
05-Jun-2019 18:37:35.706 信息 [main] org.apache.catalina.startup.VersionLoggerListener.log Command line argument: -Djava.protocol.handler.pkgs=org.apache.catalina.webresources
05-Jun-2019 18:37:35.707 信息 [main] org.apache.catalina.startup.VersionLoggerListener.log Command line argument: -Dignore.endorsed.dirs=
05-Jun-2019 18:37:35.707 信息 [main] org.apache.catalina.startup.VersionLoggerListener.log Command line argument: -Dcatalina.base=F:\Program\Java\JavaWeb\apache-tomcat-9.0.20
05-Jun-2019 18:37:35.710 信息 [main] org.apache.catalina.startup.VersionLoggerListener.log Command line argument: -Dcatalina.home=F:\Program\Java\JavaWeb\apache-tomcat-9.0.20
05-Jun-2019 18:37:35.710 信息 [main] org.apache.catalina.startup.VersionLoggerListener.log Command line argument: -Djava.io.tmpdir=F:\Program\Java\JavaWeb\apache-tomcat-9.0.20\temp
05-Jun-2019 18:37:35.713 信息 [main] org.apache.catalina.core.AprLifecycleListener.lifecycleEvent Loaded APR based Apache Tomcat Native library [1.2.21] using APR version [1.6.5].
05-Jun-2019 18:37:35.722 信息 [main] org.apache.catalina.core.AprLifecycleListener.lifecycleEvent APR capabilities: IPv6 [true], sendfile [true], accept filters [false], random [true].
05-Jun-2019 18:37:35.722 信息 [main] org.apache.catalina.core.AprLifecycleListener.lifecycleEvent APR/OpenSSL configuration: useAprConnector [false], useOpenSSL [true]
05-Jun-2019 18:37:35.731 信息 [main] org.apache.catalina.core.AprLifecycleListener.initializeSSL OpenSSL successfully initialized [OpenSSL 1.1.1a  20 Nov 2018]
05-Jun-2019 18:37:36.046 信息 [main] org.apache.coyote.AbstractProtocol.init 初始化协议处理器 ["http-nio-8080"]
05-Jun-2019 18:37:36.386 严重 [main] org.apache.catalina.util.LifecycleBase.handleSubClassException 初始化组件[Connector[HTTP/1.1-8080]]失败。
	org.apache.catalina.LifecycleException: Protocol handler initialization failed
		at org.apache.catalina.connector.Connector.initInternal(Connector.java:983)
		at org.apache.catalina.util.LifecycleBase.init(LifecycleBase.java:136)
		at org.apache.catalina.core.StandardService.initInternal(StandardService.java:533)
		at org.apache.catalina.util.LifecycleBase.init(LifecycleBase.java:136)
		at org.apache.catalina.core.StandardServer.initInternal(StandardServer.java:1059)
		at org.apache.catalina.util.LifecycleBase.init(LifecycleBase.java:136)
		at org.apache.catalina.startup.Catalina.load(Catalina.java:584)
		at org.apache.catalina.startup.Catalina.load(Catalina.java:607)
		at sun.reflect.NativeMethodAccessorImpl.invoke0(Native Method)
		at sun.reflect.NativeMethodAccessorImpl.invoke(NativeMethodAccessorImpl.java:62)
		at sun.reflect.DelegatingMethodAccessorImpl.invoke(DelegatingMethodAccessorImpl.java:43)
		at java.lang.reflect.Method.invoke(Method.java:498)
		at org.apache.catalina.startup.Bootstrap.load(Bootstrap.java:304)
		at org.apache.catalina.startup.Bootstrap.main(Bootstrap.java:474)
	Caused by: java.net.BindException: Address already in use: bind
		at sun.nio.ch.Net.bind0(Native Method)
		at sun.nio.ch.Net.bind(Net.java:433)
		at sun.nio.ch.Net.bind(Net.java:425)
		at sun.nio.ch.ServerSocketChannelImpl.bind(ServerSocketChannelImpl.java:223)
		at sun.nio.ch.ServerSocketAdaptor.bind(ServerSocketAdaptor.java:74)
		at org.apache.tomcat.util.net.NioEndpoint.initServerSocket(NioEndpoint.java:248)
		at org.apache.tomcat.util.net.NioEndpoint.bind(NioEndpoint.java:222)
		at org.apache.tomcat.util.net.AbstractEndpoint.bindWithCleanup(AbstractEndpoint.java:1119)
		at org.apache.tomcat.util.net.AbstractEndpoint.init(AbstractEndpoint.java:1132)
		at org.apache.coyote.AbstractProtocol.init(AbstractProtocol.java:557)
		at org.apache.coyote.http11.AbstractHttp11Protocol.init(AbstractHttp11Protocol.java:74)
		at org.apache.catalina.connector.Connector.initInternal(Connector.java:980)
		... 13 more
05-Jun-2019 18:37:36.392 信息 [main] org.apache.coyote.AbstractProtocol.init 初始化协议处理器 ["ajp-nio-8009"]
05-Jun-2019 18:37:36.421 信息 [main] org.apache.catalina.startup.Catalina.load 服务器在[952]毫秒内初始化
05-Jun-2019 18:37:36.451 信息 [main] org.apache.catalina.core.StandardService.startInternal Starting service [Catalina]
05-Jun-2019 18:37:36.451 信息 [main] org.apache.catalina.core.StandardEngine.startInternal Starting Servlet engine: [Apache Tomcat/9.0.20]
05-Jun-2019 18:37:36.465 信息 [main] org.apache.catalina.startup.HostConfig.deployDirectory 把web 应用程序部署到目录 [F:\Program\Java\JavaWeb\apache-tomcat-9.0.20\webapps\docs]
05-Jun-2019 18:37:36.717 信息 [main] org.apache.catalina.startup.HostConfig.deployDirectory Deployment of web application directory [F:\Program\Java\JavaWeb\apache-tomcat-9.0.20\webapps\docs] has finished in [252] ms
05-Jun-2019 18:37:36.717 信息 [main] org.apache.catalina.startup.HostConfig.deployDirectory 把web 应用程序部署到目录 [F:\Program\Java\JavaWeb\apache-tomcat-9.0.20\webapps\examples]
05-Jun-2019 18:37:37.348 信息 [main] org.apache.catalina.startup.HostConfig.deployDirectory Deployment of web application directory [F:\Program\Java\JavaWeb\apache-tomcat-9.0.20\webapps\examples] has finished in [631] ms
05-Jun-2019 18:37:37.349 信息 [main] org.apache.catalina.startup.HostConfig.deployDirectory 把web 应用程序部署到目录 [F:\Program\Java\JavaWeb\apache-tomcat-9.0.20\webapps\host-manager]
05-Jun-2019 18:37:37.411 信息 [main] org.apache.catalina.startup.HostConfig.deployDirectory Deployment of web application directory [F:\Program\Java\JavaWeb\apache-tomcat-9.0.20\webapps\host-manager] has finished in [62] ms
05-Jun-2019 18:37:37.412 信息 [main] org.apache.catalina.startup.HostConfig.deployDirectory 把web 应用程序部署到目录 [F:\Program\Java\JavaWeb\apache-tomcat-9.0.20\webapps\manager]
05-Jun-2019 18:37:37.468 信息 [main] org.apache.catalina.startup.HostConfig.deployDirectory Deployment of web application directory [F:\Program\Java\JavaWeb\apache-tomcat-9.0.20\webapps\manager] has finished in [56] ms
05-Jun-2019 18:37:37.469 信息 [main] org.apache.catalina.startup.HostConfig.deployDirectory 把web 应用程序部署到目录 [F:\Program\Java\JavaWeb\apache-tomcat-9.0.20\webapps\ROOT]
05-Jun-2019 18:37:37.521 信息 [main] org.apache.catalina.startup.HostConfig.deployDirectory Deployment of web application directory [F:\Program\Java\JavaWeb\apache-tomcat-9.0.20\webapps\ROOT] has finished in [52] ms
05-Jun-2019 18:37:37.525 信息 [main] org.apache.coyote.AbstractProtocol.start 开始协议处理句柄["ajp-nio-8009"]
05-Jun-2019 18:37:37.535 信息 [main] org.apache.catalina.startup.Catalina.start Server startup in [1,113] milliseconds
05-Jun-2019 18:37:50.352 信息 [main] org.apache.catalina.startup.VersionLoggerListener.log Server.服务器版本:        Apache Tomcat/9.0.20
05-Jun-2019 18:37:50.358 信息 [main] org.apache.catalina.startup.VersionLoggerListener.log Server.构建:          May 3 2019 22:26:00 UTC
05-Jun-2019 18:37:50.358 信息 [main] org.apache.catalina.startup.VersionLoggerListener.log Server version number: 9.0.20.0
05-Jun-2019 18:37:50.358 信息 [main] org.apache.catalina.startup.VersionLoggerListener.log OS Name:               Windows 10
05-Jun-2019 18:37:50.359 信息 [main] org.apache.catalina.startup.VersionLoggerListener.log OS.版本:            10.0
05-Jun-2019 18:37:50.359 信息 [main] org.apache.catalina.startup.VersionLoggerListener.log 结.造:          amd64
05-Jun-2019 18:37:50.359 信息 [main] org.apache.catalina.startup.VersionLoggerListener.log Java 环境变量:             C:\Program Files\Java\jdk1.8.0_131\jre
05-Jun-2019 18:37:50.359 信息 [main] org.apache.catalina.startup.VersionLoggerListener.log JVM 版本:           1.8.0_131-b11
05-Jun-2019 18:37:50.360 信息 [main] org.apache.catalina.startup.VersionLoggerListener.log JVM.供应商:            Oracle Corporation
05-Jun-2019 18:37:50.360 信息 [main] org.apache.catalina.startup.VersionLoggerListener.log CATALINA_BASE:         F:\Program\Java\JavaWeb\apache-tomcat-9.0.20
05-Jun-2019 18:37:50.360 信息 [main] org.apache.catalina.startup.VersionLoggerListener.log CATALINA_HOME:         F:\Program\Java\JavaWeb\apache-tomcat-9.0.20
05-Jun-2019 18:37:50.361 信息 [main] org.apache.catalina.startup.VersionLoggerListener.log Command line argument: -Djava.util.logging.config.file=F:\Program\Java\JavaWeb\apache-tomcat-9.0.20\conf\logging.properties
05-Jun-2019 18:37:50.361 信息 [main] org.apache.catalina.startup.VersionLoggerListener.log Command line argument: -Djava.util.logging.manager=org.apache.juli.ClassLoaderLogManager
05-Jun-2019 18:37:50.361 信息 [main] org.apache.catalina.startup.VersionLoggerListener.log Command line argument: -Djdk.tls.ephemeralDHKeySize=2048
05-Jun-2019 18:37:50.364 信息 [main] org.apache.catalina.startup.VersionLoggerListener.log Command line argument: -Djava.protocol.handler.pkgs=org.apache.catalina.webresources
05-Jun-2019 18:37:50.365 信息 [main] org.apache.catalina.startup.VersionLoggerListener.log Command line argument: -Dignore.endorsed.dirs=
05-Jun-2019 18:37:50.366 信息 [main] org.apache.catalina.startup.VersionLoggerListener.log Command line argument: -Dcatalina.base=F:\Program\Java\JavaWeb\apache-tomcat-9.0.20
05-Jun-2019 18:37:50.366 信息 [main] org.apache.catalina.startup.VersionLoggerListener.log Command line argument: -Dcatalina.home=F:\Program\Java\JavaWeb\apache-tomcat-9.0.20
05-Jun-2019 18:37:50.367 信息 [main] org.apache.catalina.startup.VersionLoggerListener.log Command line argument: -Djava.io.tmpdir=F:\Program\Java\JavaWeb\apache-tomcat-9.0.20\temp
05-Jun-2019 18:37:50.376 信息 [main] org.apache.catalina.core.AprLifecycleListener.lifecycleEvent Loaded APR based Apache Tomcat Native library [1.2.21] using APR version [1.6.5].
05-Jun-2019 18:37:50.377 信息 [main] org.apache.catalina.core.AprLifecycleListener.lifecycleEvent APR capabilities: IPv6 [true], sendfile [true], accept filters [false], random [true].
05-Jun-2019 18:37:50.378 信息 [main] org.apache.catalina.core.AprLifecycleListener.lifecycleEvent APR/OpenSSL configuration: useAprConnector [false], useOpenSSL [true]
05-Jun-2019 18:37:50.385 信息 [main] org.apache.catalina.core.AprLifecycleListener.initializeSSL OpenSSL successfully initialized [OpenSSL 1.1.1a  20 Nov 2018]
05-Jun-2019 18:37:50.678 信息 [main] org.apache.coyote.AbstractProtocol.init 初始化协议处理器 ["http-nio-8080"]
05-Jun-2019 18:37:51.022 严重 [main] org.apache.catalina.util.LifecycleBase.handleSubClassException 初始化组件[Connector[HTTP/1.1-8080]]失败。
	org.apache.catalina.LifecycleException: Protocol handler initialization failed
		at org.apache.catalina.connector.Connector.initInternal(Connector.java:983)
		at org.apache.catalina.util.LifecycleBase.init(LifecycleBase.java:136)
		at org.apache.catalina.core.StandardService.initInternal(StandardService.java:533)
		at org.apache.catalina.util.LifecycleBase.init(LifecycleBase.java:136)
		at org.apache.catalina.core.StandardServer.initInternal(StandardServer.java:1059)
		at org.apache.catalina.util.LifecycleBase.init(LifecycleBase.java:136)
		at org.apache.catalina.startup.Catalina.load(Catalina.java:584)
		at org.apache.catalina.startup.Catalina.load(Catalina.java:607)
		at sun.reflect.NativeMethodAccessorImpl.invoke0(Native Method)
		at sun.reflect.NativeMethodAccessorImpl.invoke(NativeMethodAccessorImpl.java:62)
		at sun.reflect.DelegatingMethodAccessorImpl.invoke(DelegatingMethodAccessorImpl.java:43)
		at java.lang.reflect.Method.invoke(Method.java:498)
		at org.apache.catalina.startup.Bootstrap.load(Bootstrap.java:304)
		at org.apache.catalina.startup.Bootstrap.main(Bootstrap.java:474)
	Caused by: java.net.BindException: Address already in use: bind
		at sun.nio.ch.Net.bind0(Native Method)
		at sun.nio.ch.Net.bind(Net.java:433)
		at sun.nio.ch.Net.bind(Net.java:425)
		at sun.nio.ch.ServerSocketChannelImpl.bind(ServerSocketChannelImpl.java:223)
		at sun.nio.ch.ServerSocketAdaptor.bind(ServerSocketAdaptor.java:74)
		at org.apache.tomcat.util.net.NioEndpoint.initServerSocket(NioEndpoint.java:248)
		at org.apache.tomcat.util.net.NioEndpoint.bind(NioEndpoint.java:222)
		at org.apache.tomcat.util.net.AbstractEndpoint.bindWithCleanup(AbstractEndpoint.java:1119)
		at org.apache.tomcat.util.net.AbstractEndpoint.init(AbstractEndpoint.java:1132)
		at org.apache.coyote.AbstractProtocol.init(AbstractProtocol.java:557)
		at org.apache.coyote.http11.AbstractHttp11Protocol.init(AbstractHttp11Protocol.java:74)
		at org.apache.catalina.connector.Connector.initInternal(Connector.java:980)
		... 13 more
05-Jun-2019 18:37:51.028 信息 [main] org.apache.coyote.AbstractProtocol.init 初始化协议处理器 ["ajp-nio-8009"]
05-Jun-2019 18:37:51.052 信息 [main] org.apache.catalina.startup.Catalina.load 服务器在[900]毫秒内初始化
05-Jun-2019 18:37:51.084 信息 [main] org.apache.catalina.core.StandardService.startInternal Starting service [Catalina]
05-Jun-2019 18:37:51.084 信息 [main] org.apache.catalina.core.StandardEngine.startInternal Starting Servlet engine: [Apache Tomcat/9.0.20]
05-Jun-2019 18:37:51.098 信息 [main] org.apache.catalina.startup.HostConfig.deployDirectory 把web 应用程序部署到目录 [F:\Program\Java\JavaWeb\apache-tomcat-9.0.20\webapps\docs]
05-Jun-2019 18:37:51.339 信息 [main] org.apache.catalina.startup.HostConfig.deployDirectory Deployment of web application directory [F:\Program\Java\JavaWeb\apache-tomcat-9.0.20\webapps\docs] has finished in [241] ms
05-Jun-2019 18:37:51.340 信息 [main] org.apache.catalina.startup.HostConfig.deployDirectory 把web 应用程序部署到目录 [F:\Program\Java\JavaWeb\apache-tomcat-9.0.20\webapps\examples]
05-Jun-2019 18:37:51.952 信息 [main] org.apache.catalina.startup.HostConfig.deployDirectory Deployment of web application directory [F:\Program\Java\JavaWeb\apache-tomcat-9.0.20\webapps\examples] has finished in [612] ms
05-Jun-2019 18:37:51.952 信息 [main] org.apache.catalina.startup.HostConfig.deployDirectory 把web 应用程序部署到目录 [F:\Program\Java\JavaWeb\apache-tomcat-9.0.20\webapps\host-manager]
05-Jun-2019 18:37:52.006 信息 [main] org.apache.catalina.startup.HostConfig.deployDirectory Deployment of web application directory [F:\Program\Java\JavaWeb\apache-tomcat-9.0.20\webapps\host-manager] has finished in [54] ms
05-Jun-2019 18:37:52.007 信息 [main] org.apache.catalina.startup.HostConfig.deployDirectory 把web 应用程序部署到目录 [F:\Program\Java\JavaWeb\apache-tomcat-9.0.20\webapps\manager]
05-Jun-2019 18:37:52.058 信息 [main] org.apache.catalina.startup.HostConfig.deployDirectory Deployment of web application directory [F:\Program\Java\JavaWeb\apache-tomcat-9.0.20\webapps\manager] has finished in [52] ms
05-Jun-2019 18:37:52.059 信息 [main] org.apache.catalina.startup.HostConfig.deployDirectory 把web 应用程序部署到目录 [F:\Program\Java\JavaWeb\apache-tomcat-9.0.20\webapps\ROOT]
05-Jun-2019 18:37:52.109 信息 [main] org.apache.catalina.startup.HostConfig.deployDirectory Deployment of web application directory [F:\Program\Java\JavaWeb\apache-tomcat-9.0.20\webapps\ROOT] has finished in [50] ms
05-Jun-2019 18:37:52.115 信息 [main] org.apache.coyote.AbstractProtocol.start 开始协议处理句柄["ajp-nio-8009"]
05-Jun-2019 18:37:52.127 信息 [main] org.apache.catalina.startup.Catalina.start Server startup in [1,074] milliseconds
