08-Jun-2019 07:49:29.096 信息 [main] org.apache.catalina.startup.VersionLoggerListener.log Server.服务器版本:        Apache Tomcat/9.0.20
08-Jun-2019 07:49:29.117 信息 [main] org.apache.catalina.startup.VersionLoggerListener.log Server.构建:          May 3 2019 22:26:00 UTC
08-Jun-2019 07:49:29.117 信息 [main] org.apache.catalina.startup.VersionLoggerListener.log Server version number: 9.0.20.0
08-Jun-2019 07:49:29.117 信息 [main] org.apache.catalina.startup.VersionLoggerListener.log OS Name:               Windows 10
08-Jun-2019 07:49:29.117 信息 [main] org.apache.catalina.startup.VersionLoggerListener.log OS.版本:            10.0
08-Jun-2019 07:49:29.118 信息 [main] org.apache.catalina.startup.VersionLoggerListener.log 结.造:          amd64
08-Jun-2019 07:49:29.118 信息 [main] org.apache.catalina.startup.VersionLoggerListener.log Java 环境变量:             C:\Program Files\Java\jdk1.8.0_131\jre
08-Jun-2019 07:49:29.120 信息 [main] org.apache.catalina.startup.VersionLoggerListener.log JVM 版本:           1.8.0_131-b11
08-Jun-2019 07:49:29.120 信息 [main] org.apache.catalina.startup.VersionLoggerListener.log JVM.供应商:            Oracle Corporation
08-Jun-2019 07:49:29.120 信息 [main] org.apache.catalina.startup.VersionLoggerListener.log CATALINA_BASE:         F:\Program\Java\JavaWeb\apache-tomcat-9.0.20
08-Jun-2019 07:49:29.120 信息 [main] org.apache.catalina.startup.VersionLoggerListener.log CATALINA_HOME:         F:\Program\Java\JavaWeb\apache-tomcat-9.0.20
08-Jun-2019 07:49:29.121 信息 [main] org.apache.catalina.startup.VersionLoggerListener.log Command line argument: -Djava.util.logging.config.file=F:\Program\Java\JavaWeb\apache-tomcat-9.0.20\conf\logging.properties
08-Jun-2019 07:49:29.121 信息 [main] org.apache.catalina.startup.VersionLoggerListener.log Command line argument: -Djava.util.logging.manager=org.apache.juli.ClassLoaderLogManager
08-Jun-2019 07:49:29.122 信息 [main] org.apache.catalina.startup.VersionLoggerListener.log Command line argument: -Djdk.tls.ephemeralDHKeySize=2048
08-Jun-2019 07:49:29.125 信息 [main] org.apache.catalina.startup.VersionLoggerListener.log Command line argument: -Djava.protocol.handler.pkgs=org.apache.catalina.webresources
08-Jun-2019 07:49:29.146 信息 [main] org.apache.catalina.startup.VersionLoggerListener.log Command line argument: -Dignore.endorsed.dirs=
08-Jun-2019 07:49:29.146 信息 [main] org.apache.catalina.startup.VersionLoggerListener.log Command line argument: -Dcatalina.base=F:\Program\Java\JavaWeb\apache-tomcat-9.0.20
08-Jun-2019 07:49:29.147 信息 [main] org.apache.catalina.startup.VersionLoggerListener.log Command line argument: -Dcatalina.home=F:\Program\Java\JavaWeb\apache-tomcat-9.0.20
08-Jun-2019 07:49:29.148 信息 [main] org.apache.catalina.startup.VersionLoggerListener.log Command line argument: -Djava.io.tmpdir=F:\Program\Java\JavaWeb\apache-tomcat-9.0.20\temp
08-Jun-2019 07:49:29.148 信息 [main] org.apache.catalina.core.AprLifecycleListener.lifecycleEvent Loaded APR based Apache Tomcat Native library [1.2.21] using APR version [1.6.5].
08-Jun-2019 07:49:29.149 信息 [main] org.apache.catalina.core.AprLifecycleListener.lifecycleEvent APR capabilities: IPv6 [true], sendfile [true], accept filters [false], random [true].
08-Jun-2019 07:49:29.149 信息 [main] org.apache.catalina.core.AprLifecycleListener.lifecycleEvent APR/OpenSSL configuration: useAprConnector [false], useOpenSSL [true]
08-Jun-2019 07:49:29.201 信息 [main] org.apache.catalina.core.AprLifecycleListener.initializeSSL OpenSSL successfully initialized [OpenSSL 1.1.1a  20 Nov 2018]
08-Jun-2019 07:49:29.680 信息 [main] org.apache.coyote.AbstractProtocol.init 初始化协议处理器 ["http-nio-8080"]
08-Jun-2019 07:49:30.009 严重 [main] org.apache.catalina.util.LifecycleBase.handleSubClassException 初始化组件[Connector[HTTP/1.1-8080]]失败。
	org.apache.catalina.LifecycleException: Protocol handler initialization failed
		at org.apache.catalina.connector.Connector.initInternal(Connector.java:983)
		at org.apache.catalina.util.LifecycleBase.init(LifecycleBase.java:136)
		at org.apache.catalina.core.StandardService.initInternal(StandardService.java:533)
		at org.apache.catalina.util.LifecycleBase.init(LifecycleBase.java:136)
		at org.apache.catalina.core.StandardServer.initInternal(StandardServer.java:1059)
		at org.apache.catalina.util.LifecycleBase.init(LifecycleBase.java:136)
		at org.apache.catalina.startup.Catalina.load(Catalina.java:584)
		at org.apache.catalina.startup.Catalina.load(Catalina.java:607)
		at sun.reflect.NativeMethodAccessorImpl.invoke0(Native Method)
		at sun.reflect.NativeMethodAccessorImpl.invoke(NativeMethodAccessorImpl.java:62)
		at sun.reflect.DelegatingMethodAccessorImpl.invoke(DelegatingMethodAccessorImpl.java:43)
		at java.lang.reflect.Method.invoke(Method.java:498)
		at org.apache.catalina.startup.Bootstrap.load(Bootstrap.java:304)
		at org.apache.catalina.startup.Bootstrap.main(Bootstrap.java:474)
	Caused by: java.net.BindException: Address already in use: bind
		at sun.nio.ch.Net.bind0(Native Method)
		at sun.nio.ch.Net.bind(Net.java:433)
		at sun.nio.ch.Net.bind(Net.java:425)
		at sun.nio.ch.ServerSocketChannelImpl.bind(ServerSocketChannelImpl.java:223)
		at sun.nio.ch.ServerSocketAdaptor.bind(ServerSocketAdaptor.java:74)
		at org.apache.tomcat.util.net.NioEndpoint.initServerSocket(NioEndpoint.java:248)
		at org.apache.tomcat.util.net.NioEndpoint.bind(NioEndpoint.java:222)
		at org.apache.tomcat.util.net.AbstractEndpoint.bindWithCleanup(AbstractEndpoint.java:1119)
		at org.apache.tomcat.util.net.AbstractEndpoint.init(AbstractEndpoint.java:1132)
		at org.apache.coyote.AbstractProtocol.init(AbstractProtocol.java:557)
		at org.apache.coyote.http11.AbstractHttp11Protocol.init(AbstractHttp11Protocol.java:74)
		at org.apache.catalina.connector.Connector.initInternal(Connector.java:980)
		... 13 more
08-Jun-2019 07:49:30.023 信息 [main] org.apache.coyote.AbstractProtocol.init 初始化协议处理器 ["ajp-nio-8009"]
08-Jun-2019 07:49:30.060 信息 [main] org.apache.catalina.startup.Catalina.load 服务器在[1,349]毫秒内初始化
08-Jun-2019 07:49:30.101 信息 [main] org.apache.catalina.core.StandardService.startInternal Starting service [Catalina]
08-Jun-2019 07:49:30.101 信息 [main] org.apache.catalina.core.StandardEngine.startInternal Starting Servlet engine: [Apache Tomcat/9.0.20]
08-Jun-2019 07:49:30.148 信息 [main] org.apache.catalina.startup.HostConfig.deployDirectory 把web 应用程序部署到目录 [F:\Program\Java\JavaWeb\apache-tomcat-9.0.20\webapps\docs]
08-Jun-2019 07:49:30.546 信息 [main] org.apache.catalina.startup.HostConfig.deployDirectory Deployment of web application directory [F:\Program\Java\JavaWeb\apache-tomcat-9.0.20\webapps\docs] has finished in [398] ms
08-Jun-2019 07:49:30.547 信息 [main] org.apache.catalina.startup.HostConfig.deployDirectory 把web 应用程序部署到目录 [F:\Program\Java\JavaWeb\apache-tomcat-9.0.20\webapps\examples]
08-Jun-2019 07:49:32.046 信息 [main] org.apache.catalina.startup.HostConfig.deployDirectory Deployment of web application directory [F:\Program\Java\JavaWeb\apache-tomcat-9.0.20\webapps\examples] has finished in [1,499] ms
08-Jun-2019 07:49:32.048 信息 [main] org.apache.catalina.startup.HostConfig.deployDirectory 把web 应用程序部署到目录 [F:\Program\Java\JavaWeb\apache-tomcat-9.0.20\webapps\host-manager]
08-Jun-2019 07:49:32.125 信息 [main] org.apache.catalina.startup.HostConfig.deployDirectory Deployment of web application directory [F:\Program\Java\JavaWeb\apache-tomcat-9.0.20\webapps\host-manager] has finished in [78] ms
08-Jun-2019 07:49:32.126 信息 [main] org.apache.catalina.startup.HostConfig.deployDirectory 把web 应用程序部署到目录 [F:\Program\Java\JavaWeb\apache-tomcat-9.0.20\webapps\manager]
08-Jun-2019 07:49:32.170 信息 [main] org.apache.catalina.startup.HostConfig.deployDirectory Deployment of web application directory [F:\Program\Java\JavaWeb\apache-tomcat-9.0.20\webapps\manager] has finished in [44] ms
08-Jun-2019 07:49:32.171 信息 [main] org.apache.catalina.startup.HostConfig.deployDirectory 把web 应用程序部署到目录 [F:\Program\Java\JavaWeb\apache-tomcat-9.0.20\webapps\ROOT]
08-Jun-2019 07:49:32.212 信息 [main] org.apache.catalina.startup.HostConfig.deployDirectory Deployment of web application directory [F:\Program\Java\JavaWeb\apache-tomcat-9.0.20\webapps\ROOT] has finished in [40] ms
08-Jun-2019 07:49:32.216 信息 [main] org.apache.coyote.AbstractProtocol.start 开始协议处理句柄["ajp-nio-8009"]
08-Jun-2019 07:49:32.233 信息 [main] org.apache.catalina.startup.Catalina.start Server startup in [2,171] milliseconds
08-Jun-2019 07:51:18.814 信息 [main] org.apache.catalina.startup.VersionLoggerListener.log Server.服务器版本:        Apache Tomcat/9.0.20
08-Jun-2019 07:51:18.819 信息 [main] org.apache.catalina.startup.VersionLoggerListener.log Server.构建:          May 3 2019 22:26:00 UTC
08-Jun-2019 07:51:18.819 信息 [main] org.apache.catalina.startup.VersionLoggerListener.log Server version number: 9.0.20.0
08-Jun-2019 07:51:18.819 信息 [main] org.apache.catalina.startup.VersionLoggerListener.log OS Name:               Windows 10
08-Jun-2019 07:51:18.819 信息 [main] org.apache.catalina.startup.VersionLoggerListener.log OS.版本:            10.0
08-Jun-2019 07:51:18.820 信息 [main] org.apache.catalina.startup.VersionLoggerListener.log 结.造:          amd64
08-Jun-2019 07:51:18.820 信息 [main] org.apache.catalina.startup.VersionLoggerListener.log Java 环境变量:             C:\Program Files\Java\jdk1.8.0_131\jre
08-Jun-2019 07:51:18.820 信息 [main] org.apache.catalina.startup.VersionLoggerListener.log JVM 版本:           1.8.0_131-b11
08-Jun-2019 07:51:18.821 信息 [main] org.apache.catalina.startup.VersionLoggerListener.log JVM.供应商:            Oracle Corporation
08-Jun-2019 07:51:18.821 信息 [main] org.apache.catalina.startup.VersionLoggerListener.log CATALINA_BASE:         F:\Program\Java\JavaWeb\apache-tomcat-9.0.20
08-Jun-2019 07:51:18.821 信息 [main] org.apache.catalina.startup.VersionLoggerListener.log CATALINA_HOME:         F:\Program\Java\JavaWeb\apache-tomcat-9.0.20
08-Jun-2019 07:51:18.822 信息 [main] org.apache.catalina.startup.VersionLoggerListener.log Command line argument: -Djava.util.logging.config.file=F:\Program\Java\JavaWeb\apache-tomcat-9.0.20\conf\logging.properties
08-Jun-2019 07:51:18.822 信息 [main] org.apache.catalina.startup.VersionLoggerListener.log Command line argument: -Djava.util.logging.manager=org.apache.juli.ClassLoaderLogManager
08-Jun-2019 07:51:18.823 信息 [main] org.apache.catalina.startup.VersionLoggerListener.log Command line argument: -Djdk.tls.ephemeralDHKeySize=2048
08-Jun-2019 07:51:18.828 信息 [main] org.apache.catalina.startup.VersionLoggerListener.log Command line argument: -Djava.protocol.handler.pkgs=org.apache.catalina.webresources
08-Jun-2019 07:51:18.832 信息 [main] org.apache.catalina.startup.VersionLoggerListener.log Command line argument: -Dignore.endorsed.dirs=
08-Jun-2019 07:51:18.833 信息 [main] org.apache.catalina.startup.VersionLoggerListener.log Command line argument: -Dcatalina.base=F:\Program\Java\JavaWeb\apache-tomcat-9.0.20
08-Jun-2019 07:51:18.833 信息 [main] org.apache.catalina.startup.VersionLoggerListener.log Command line argument: -Dcatalina.home=F:\Program\Java\JavaWeb\apache-tomcat-9.0.20
08-Jun-2019 07:51:18.835 信息 [main] org.apache.catalina.startup.VersionLoggerListener.log Command line argument: -Djava.io.tmpdir=F:\Program\Java\JavaWeb\apache-tomcat-9.0.20\temp
08-Jun-2019 07:51:18.835 信息 [main] org.apache.catalina.core.AprLifecycleListener.lifecycleEvent Loaded APR based Apache Tomcat Native library [1.2.21] using APR version [1.6.5].
08-Jun-2019 07:51:18.836 信息 [main] org.apache.catalina.core.AprLifecycleListener.lifecycleEvent APR capabilities: IPv6 [true], sendfile [true], accept filters [false], random [true].
08-Jun-2019 07:51:18.836 信息 [main] org.apache.catalina.core.AprLifecycleListener.lifecycleEvent APR/OpenSSL configuration: useAprConnector [false], useOpenSSL [true]
08-Jun-2019 07:51:18.844 信息 [main] org.apache.catalina.core.AprLifecycleListener.initializeSSL OpenSSL successfully initialized [OpenSSL 1.1.1a  20 Nov 2018]
08-Jun-2019 07:51:19.107 信息 [main] org.apache.coyote.AbstractProtocol.init 初始化协议处理器 ["http-nio-8080"]
08-Jun-2019 07:51:19.435 严重 [main] org.apache.catalina.util.LifecycleBase.handleSubClassException 初始化组件[Connector[HTTP/1.1-8080]]失败。
	org.apache.catalina.LifecycleException: Protocol handler initialization failed
		at org.apache.catalina.connector.Connector.initInternal(Connector.java:983)
		at org.apache.catalina.util.LifecycleBase.init(LifecycleBase.java:136)
		at org.apache.catalina.core.StandardService.initInternal(StandardService.java:533)
		at org.apache.catalina.util.LifecycleBase.init(LifecycleBase.java:136)
		at org.apache.catalina.core.StandardServer.initInternal(StandardServer.java:1059)
		at org.apache.catalina.util.LifecycleBase.init(LifecycleBase.java:136)
		at org.apache.catalina.startup.Catalina.load(Catalina.java:584)
		at org.apache.catalina.startup.Catalina.load(Catalina.java:607)
		at sun.reflect.NativeMethodAccessorImpl.invoke0(Native Method)
		at sun.reflect.NativeMethodAccessorImpl.invoke(NativeMethodAccessorImpl.java:62)
		at sun.reflect.DelegatingMethodAccessorImpl.invoke(DelegatingMethodAccessorImpl.java:43)
		at java.lang.reflect.Method.invoke(Method.java:498)
		at org.apache.catalina.startup.Bootstrap.load(Bootstrap.java:304)
		at org.apache.catalina.startup.Bootstrap.main(Bootstrap.java:474)
	Caused by: java.net.BindException: Address already in use: bind
		at sun.nio.ch.Net.bind0(Native Method)
		at sun.nio.ch.Net.bind(Net.java:433)
		at sun.nio.ch.Net.bind(Net.java:425)
		at sun.nio.ch.ServerSocketChannelImpl.bind(ServerSocketChannelImpl.java:223)
		at sun.nio.ch.ServerSocketAdaptor.bind(ServerSocketAdaptor.java:74)
		at org.apache.tomcat.util.net.NioEndpoint.initServerSocket(NioEndpoint.java:248)
		at org.apache.tomcat.util.net.NioEndpoint.bind(NioEndpoint.java:222)
		at org.apache.tomcat.util.net.AbstractEndpoint.bindWithCleanup(AbstractEndpoint.java:1119)
		at org.apache.tomcat.util.net.AbstractEndpoint.init(AbstractEndpoint.java:1132)
		at org.apache.coyote.AbstractProtocol.init(AbstractProtocol.java:557)
		at org.apache.coyote.http11.AbstractHttp11Protocol.init(AbstractHttp11Protocol.java:74)
		at org.apache.catalina.connector.Connector.initInternal(Connector.java:980)
		... 13 more
08-Jun-2019 07:51:19.441 信息 [main] org.apache.coyote.AbstractProtocol.init 初始化协议处理器 ["ajp-nio-8009"]
08-Jun-2019 07:51:19.469 信息 [main] org.apache.catalina.startup.Catalina.load 服务器在[918]毫秒内初始化
08-Jun-2019 07:51:19.495 信息 [main] org.apache.catalina.core.StandardService.startInternal Starting service [Catalina]
08-Jun-2019 07:51:19.496 信息 [main] org.apache.catalina.core.StandardEngine.startInternal Starting Servlet engine: [Apache Tomcat/9.0.20]
08-Jun-2019 07:51:19.528 信息 [main] org.apache.catalina.startup.HostConfig.deployDirectory 把web 应用程序部署到目录 [F:\Program\Java\JavaWeb\apache-tomcat-9.0.20\webapps\docs]
08-Jun-2019 07:51:19.756 信息 [main] org.apache.catalina.startup.HostConfig.deployDirectory Deployment of web application directory [F:\Program\Java\JavaWeb\apache-tomcat-9.0.20\webapps\docs] has finished in [228] ms
08-Jun-2019 07:51:19.757 信息 [main] org.apache.catalina.startup.HostConfig.deployDirectory 把web 应用程序部署到目录 [F:\Program\Java\JavaWeb\apache-tomcat-9.0.20\webapps\examples]
08-Jun-2019 07:51:20.347 信息 [main] org.apache.catalina.startup.HostConfig.deployDirectory Deployment of web application directory [F:\Program\Java\JavaWeb\apache-tomcat-9.0.20\webapps\examples] has finished in [590] ms
08-Jun-2019 07:51:20.348 信息 [main] org.apache.catalina.startup.HostConfig.deployDirectory 把web 应用程序部署到目录 [F:\Program\Java\JavaWeb\apache-tomcat-9.0.20\webapps\host-manager]
08-Jun-2019 07:51:20.397 信息 [main] org.apache.catalina.startup.HostConfig.deployDirectory Deployment of web application directory [F:\Program\Java\JavaWeb\apache-tomcat-9.0.20\webapps\host-manager] has finished in [49] ms
08-Jun-2019 07:51:20.398 信息 [main] org.apache.catalina.startup.HostConfig.deployDirectory 把web 应用程序部署到目录 [F:\Program\Java\JavaWeb\apache-tomcat-9.0.20\webapps\manager]
08-Jun-2019 07:51:20.450 信息 [main] org.apache.catalina.startup.HostConfig.deployDirectory Deployment of web application directory [F:\Program\Java\JavaWeb\apache-tomcat-9.0.20\webapps\manager] has finished in [52] ms
08-Jun-2019 07:51:20.450 信息 [main] org.apache.catalina.startup.HostConfig.deployDirectory 把web 应用程序部署到目录 [F:\Program\Java\JavaWeb\apache-tomcat-9.0.20\webapps\ROOT]
08-Jun-2019 07:51:20.490 信息 [main] org.apache.catalina.startup.HostConfig.deployDirectory Deployment of web application directory [F:\Program\Java\JavaWeb\apache-tomcat-9.0.20\webapps\ROOT] has finished in [40] ms
08-Jun-2019 07:51:20.494 信息 [main] org.apache.coyote.AbstractProtocol.start 开始协议处理句柄["ajp-nio-8009"]
08-Jun-2019 07:51:20.504 信息 [main] org.apache.catalina.startup.Catalina.start Server startup in [1,034] milliseconds
08-Jun-2019 07:53:22.834 信息 [main] org.apache.catalina.startup.VersionLoggerListener.log Server.服务器版本:        Apache Tomcat/9.0.20
08-Jun-2019 07:53:22.838 信息 [main] org.apache.catalina.startup.VersionLoggerListener.log Server.构建:          May 3 2019 22:26:00 UTC
08-Jun-2019 07:53:22.845 信息 [main] org.apache.catalina.startup.VersionLoggerListener.log Server version number: 9.0.20.0
08-Jun-2019 07:53:22.846 信息 [main] org.apache.catalina.startup.VersionLoggerListener.log OS Name:               Windows 10
08-Jun-2019 07:53:22.846 信息 [main] org.apache.catalina.startup.VersionLoggerListener.log OS.版本:            10.0
08-Jun-2019 07:53:22.846 信息 [main] org.apache.catalina.startup.VersionLoggerListener.log 结.造:          amd64
08-Jun-2019 07:53:22.846 信息 [main] org.apache.catalina.startup.VersionLoggerListener.log Java 环境变量:             C:\Program Files\Java\jdk1.8.0_131\jre
08-Jun-2019 07:53:22.846 信息 [main] org.apache.catalina.startup.VersionLoggerListener.log JVM 版本:           1.8.0_131-b11
08-Jun-2019 07:53:22.846 信息 [main] org.apache.catalina.startup.VersionLoggerListener.log JVM.供应商:            Oracle Corporation
08-Jun-2019 07:53:22.847 信息 [main] org.apache.catalina.startup.VersionLoggerListener.log CATALINA_BASE:         F:\Program\Java\JavaWeb\apache-tomcat-9.0.20
08-Jun-2019 07:53:22.847 信息 [main] org.apache.catalina.startup.VersionLoggerListener.log CATALINA_HOME:         F:\Program\Java\JavaWeb\apache-tomcat-9.0.20
08-Jun-2019 07:53:22.847 信息 [main] org.apache.catalina.startup.VersionLoggerListener.log Command line argument: -Djava.util.logging.config.file=F:\Program\Java\JavaWeb\apache-tomcat-9.0.20\conf\logging.properties
08-Jun-2019 07:53:22.848 信息 [main] org.apache.catalina.startup.VersionLoggerListener.log Command line argument: -Djava.util.logging.manager=org.apache.juli.ClassLoaderLogManager
08-Jun-2019 07:53:22.848 信息 [main] org.apache.catalina.startup.VersionLoggerListener.log Command line argument: -Djdk.tls.ephemeralDHKeySize=2048
08-Jun-2019 07:53:22.851 信息 [main] org.apache.catalina.startup.VersionLoggerListener.log Command line argument: -Djava.protocol.handler.pkgs=org.apache.catalina.webresources
08-Jun-2019 07:53:22.851 信息 [main] org.apache.catalina.startup.VersionLoggerListener.log Command line argument: -Dignore.endorsed.dirs=
08-Jun-2019 07:53:22.852 信息 [main] org.apache.catalina.startup.VersionLoggerListener.log Command line argument: -Dcatalina.base=F:\Program\Java\JavaWeb\apache-tomcat-9.0.20
08-Jun-2019 07:53:22.852 信息 [main] org.apache.catalina.startup.VersionLoggerListener.log Command line argument: -Dcatalina.home=F:\Program\Java\JavaWeb\apache-tomcat-9.0.20
08-Jun-2019 07:53:22.853 信息 [main] org.apache.catalina.startup.VersionLoggerListener.log Command line argument: -Djava.io.tmpdir=F:\Program\Java\JavaWeb\apache-tomcat-9.0.20\temp
08-Jun-2019 07:53:22.853 信息 [main] org.apache.catalina.core.AprLifecycleListener.lifecycleEvent Loaded APR based Apache Tomcat Native library [1.2.21] using APR version [1.6.5].
08-Jun-2019 07:53:22.854 信息 [main] org.apache.catalina.core.AprLifecycleListener.lifecycleEvent APR capabilities: IPv6 [true], sendfile [true], accept filters [false], random [true].
08-Jun-2019 07:53:22.862 信息 [main] org.apache.catalina.core.AprLifecycleListener.lifecycleEvent APR/OpenSSL configuration: useAprConnector [false], useOpenSSL [true]
08-Jun-2019 07:53:22.869 信息 [main] org.apache.catalina.core.AprLifecycleListener.initializeSSL OpenSSL successfully initialized [OpenSSL 1.1.1a  20 Nov 2018]
08-Jun-2019 07:53:23.134 信息 [main] org.apache.coyote.AbstractProtocol.init 初始化协议处理器 ["http-nio-8080"]
08-Jun-2019 07:53:23.463 严重 [main] org.apache.catalina.util.LifecycleBase.handleSubClassException 初始化组件[Connector[HTTP/1.1-8080]]失败。
	org.apache.catalina.LifecycleException: Protocol handler initialization failed
		at org.apache.catalina.connector.Connector.initInternal(Connector.java:983)
		at org.apache.catalina.util.LifecycleBase.init(LifecycleBase.java:136)
		at org.apache.catalina.core.StandardService.initInternal(StandardService.java:533)
		at org.apache.catalina.util.LifecycleBase.init(LifecycleBase.java:136)
		at org.apache.catalina.core.StandardServer.initInternal(StandardServer.java:1059)
		at org.apache.catalina.util.LifecycleBase.init(LifecycleBase.java:136)
		at org.apache.catalina.startup.Catalina.load(Catalina.java:584)
		at org.apache.catalina.startup.Catalina.load(Catalina.java:607)
		at sun.reflect.NativeMethodAccessorImpl.invoke0(Native Method)
		at sun.reflect.NativeMethodAccessorImpl.invoke(NativeMethodAccessorImpl.java:62)
		at sun.reflect.DelegatingMethodAccessorImpl.invoke(DelegatingMethodAccessorImpl.java:43)
		at java.lang.reflect.Method.invoke(Method.java:498)
		at org.apache.catalina.startup.Bootstrap.load(Bootstrap.java:304)
		at org.apache.catalina.startup.Bootstrap.main(Bootstrap.java:474)
	Caused by: java.net.BindException: Address already in use: bind
		at sun.nio.ch.Net.bind0(Native Method)
		at sun.nio.ch.Net.bind(Net.java:433)
		at sun.nio.ch.Net.bind(Net.java:425)
		at sun.nio.ch.ServerSocketChannelImpl.bind(ServerSocketChannelImpl.java:223)
		at sun.nio.ch.ServerSocketAdaptor.bind(ServerSocketAdaptor.java:74)
		at org.apache.tomcat.util.net.NioEndpoint.initServerSocket(NioEndpoint.java:248)
		at org.apache.tomcat.util.net.NioEndpoint.bind(NioEndpoint.java:222)
		at org.apache.tomcat.util.net.AbstractEndpoint.bindWithCleanup(AbstractEndpoint.java:1119)
		at org.apache.tomcat.util.net.AbstractEndpoint.init(AbstractEndpoint.java:1132)
		at org.apache.coyote.AbstractProtocol.init(AbstractProtocol.java:557)
		at org.apache.coyote.http11.AbstractHttp11Protocol.init(AbstractHttp11Protocol.java:74)
		at org.apache.catalina.connector.Connector.initInternal(Connector.java:980)
		... 13 more
08-Jun-2019 07:53:23.468 信息 [main] org.apache.coyote.AbstractProtocol.init 初始化协议处理器 ["ajp-nio-8009"]
08-Jun-2019 07:53:23.494 信息 [main] org.apache.catalina.startup.Catalina.load 服务器在[861]毫秒内初始化
08-Jun-2019 07:53:23.527 信息 [main] org.apache.catalina.core.StandardService.startInternal Starting service [Catalina]
08-Jun-2019 07:53:23.528 信息 [main] org.apache.catalina.core.StandardEngine.startInternal Starting Servlet engine: [Apache Tomcat/9.0.20]
08-Jun-2019 07:53:23.541 信息 [main] org.apache.catalina.startup.HostConfig.deployDirectory 把web 应用程序部署到目录 [F:\Program\Java\JavaWeb\apache-tomcat-9.0.20\webapps\docs]
08-Jun-2019 07:53:23.788 信息 [main] org.apache.catalina.startup.HostConfig.deployDirectory Deployment of web application directory [F:\Program\Java\JavaWeb\apache-tomcat-9.0.20\webapps\docs] has finished in [247] ms
08-Jun-2019 07:53:23.789 信息 [main] org.apache.catalina.startup.HostConfig.deployDirectory 把web 应用程序部署到目录 [F:\Program\Java\JavaWeb\apache-tomcat-9.0.20\webapps\examples]
